<?xml version="1.0" encoding="UTF-8"?>
<coverage generated="1719020065164" clover="3.2.0">
  <project timestamp="1719020065164" name="All files">
    <metrics statements="16" coveredstatements="16" conditionals="10" coveredconditionals="10" methods="3" coveredmethods="3" elements="29" coveredelements="29" complexity="0" loc="16" ncloc="16" packages="1" files="3" classes="3"/>
    <file name="AnalisisValorLimite.js" path="D:\CURSOS 2024-I\Pruebas de Software\PS\PruebaSoftware\src\controllers\AnalisisValorLimite.js">
      <metrics statements="5" coveredstatements="5" conditionals="4" coveredconditionals="4" methods="1" coveredmethods="1"/>
      <line num="3" count="4" type="cond" truecount="2" falsecount="0"/>
      <line num="4" count="3" type="cond" truecount="2" falsecount="0"/>
      <line num="5" count="1" type="stmt"/>
      <line num="8" count="2" type="stmt"/>
      <line num="12" count="1" type="stmt"/>
    </file>
    <file name="bucle.js" path="D:\CURSOS 2024-I\Pruebas de Software\PS\PruebaSoftware\src\controllers\bucle.js">
      <metrics statements="10" coveredstatements="10" conditionals="6" coveredconditionals="6" methods="1" coveredmethods="1"/>
      <line num="4" count="4" type="cond" truecount="2" falsecount="0"/>
      <line num="5" count="2" type="cond" truecount="2" falsecount="0"/>
      <line num="6" count="1" type="stmt"/>
      <line num="10" count="2" type="cond" truecount="2" falsecount="0"/>
      <line num="11" count="1" type="stmt"/>
      <line num="14" count="1" type="stmt"/>
      <line num="19" count="2" type="stmt"/>
      <line num="20" count="15" type="stmt"/>
      <line num="21" count="15" type="stmt"/>
      <line num="23" count="2" type="stmt"/>
    </file>
    <file name="suma.js" path="D:\CURSOS 2024-I\Pruebas de Software\PS\PruebaSoftware\src\controllers\suma.js">
      <metrics statements="1" coveredstatements="1" conditionals="0" coveredconditionals="0" methods="1" coveredmethods="1"/>
      <line num="2" count="1" type="stmt"/>
    </file>
  </project>
</coverage>
