{"D:\\CURSOS 2024-I\\Pruebas de Software\\PS\\PruebaSoftware\\src\\controllers\\PruebaSentencia.js": {"path":"D:\\CURSOS 2024-I\\Pruebas de Software\\PS\\PruebaSoftware\\src\\controllers\\PruebaSentencia.js","statementMap":{"0":{"start":{"line":3,"column":4},"end":{"line":19,"column":5}},"1":{"start":{"line":4,"column":8},"end":{"line":10,"column":9}},"2":{"start":{"line":5,"column":12},"end":{"line":5,"column":37}},"3":{"start":{"line":8,"column":12},"end":{"line":8,"column":36}},"4":{"start":{"line":12,"column":8},"end":{"line":18,"column":9}},"5":{"start":{"line":13,"column":12},"end":{"line":13,"column":44}},"6":{"start":{"line":16,"column":12},"end":{"line":16,"column":31}}},"fnMap":{"0":{"name":"Sentencia","decl":{"start":{"line":1,"column":24},"end":{"line":1,"column":33}},"loc":{"start":{"line":1,"column":37},"end":{"line":20,"column":1}},"line":1}},"branchMap":{"0":{"loc":{"start":{"line":3,"column":4},"end":{"line":19,"column":5}},"type":"if","locations":[{"start":{"line":3,"column":4},"end":{"line":19,"column":5}},{"start":{"line":11,"column":9},"end":{"line":19,"column":5}}],"line":3},"1":{"loc":{"start":{"line":4,"column":8},"end":{"line":10,"column":9}},"type":"if","locations":[{"start":{"line":4,"column":8},"end":{"line":10,"column":9}},{"start":{"line":7,"column":13},"end":{"line":10,"column":9}}],"line":4},"2":{"loc":{"start":{"line":12,"column":8},"end":{"line":18,"column":9}},"type":"if","locations":[{"start":{"line":12,"column":8},"end":{"line":18,"column":9}},{"start":{"line":15,"column":13},"end":{"line":18,"column":9}}],"line":12}},"s":{"0":4,"1":2,"2":1,"3":1,"4":2,"5":1,"6":1},"f":{"0":4},"b":{"0":[2,2],"1":[1,1],"2":[1,1]},"_coverageSchema":"1a1c01bbd47fc00a2c39e90264f33305004495a9","hash":"25196d8a9ed8826d39ccb730687f868aec4927a4"}
,"D:\\CURSOS 2024-I\\Pruebas de Software\\PS\\PruebaSoftware\\src\\controllers\\bucle.js": {"path":"D:\\CURSOS 2024-I\\Pruebas de Software\\PS\\PruebaSoftware\\src\\controllers\\bucle.js","statementMap":{"0":{"start":{"line":4,"column":4},"end":{"line":17,"column":5}},"1":{"start":{"line":5,"column":8},"end":{"line":8,"column":9}},"2":{"start":{"line":6,"column":12},"end":{"line":6,"column":19}},"3":{"start":{"line":10,"column":8},"end":{"line":16,"column":9}},"4":{"start":{"line":11,"column":12},"end":{"line":11,"column":21}},"5":{"start":{"line":14,"column":12},"end":{"line":14,"column":21}},"6":{"start":{"line":19,"column":4},"end":{"line":22,"column":17}},"7":{"start":{"line":20,"column":8},"end":{"line":20,"column":14}},"8":{"start":{"line":21,"column":8},"end":{"line":21,"column":16}},"9":{"start":{"line":23,"column":4},"end":{"line":23,"column":13}}},"fnMap":{"0":{"name":"bucle","decl":{"start":{"line":1,"column":24},"end":{"line":1,"column":29}},"loc":{"start":{"line":1,"column":36},"end":{"line":24,"column":1}},"line":1}},"branchMap":{"0":{"loc":{"start":{"line":4,"column":4},"end":{"line":17,"column":5}},"type":"if","locations":[{"start":{"line":4,"column":4},"end":{"line":17,"column":5}},{"start":{"line":9,"column":9},"end":{"line":17,"column":5}}],"line":4},"1":{"loc":{"start":{"line":5,"column":8},"end":{"line":8,"column":9}},"type":"if","locations":[{"start":{"line":5,"column":8},"end":{"line":8,"column":9}},{"start":{},"end":{}}],"line":5},"2":{"loc":{"start":{"line":10,"column":8},"end":{"line":16,"column":9}},"type":"if","locations":[{"start":{"line":10,"column":8},"end":{"line":16,"column":9}},{"start":{"line":13,"column":13},"end":{"line":16,"column":9}}],"line":10}},"s":{"0":4,"1":2,"2":1,"3":2,"4":1,"5":1,"6":2,"7":15,"8":15,"9":2},"f":{"0":4},"b":{"0":[2,2],"1":[1,1],"2":[1,1]},"_coverageSchema":"1a1c01bbd47fc00a2c39e90264f33305004495a9","hash":"45b97571a11dbfa13730bf23fce8fb992ab656a9"}
,"D:\\CURSOS 2024-I\\Pruebas de Software\\PS\\PruebaSoftware\\src\\controllers\\suma.js": {"path":"D:\\CURSOS 2024-I\\Pruebas de Software\\PS\\PruebaSoftware\\src\\controllers\\suma.js","statementMap":{"0":{"start":{"line":2,"column":4},"end":{"line":2,"column":17}}},"fnMap":{"0":{"name":"suma","decl":{"start":{"line":1,"column":24},"end":{"line":1,"column":28}},"loc":{"start":{"line":1,"column":35},"end":{"line":3,"column":1}},"line":1}},"branchMap":{},"s":{"0":1},"f":{"0":1},"b":{},"_coverageSchema":"1a1c01bbd47fc00a2c39e90264f33305004495a9","hash":"36ea3df6c9c4571e3448dbf6daaf58168a7aa6b0"}
}
