TN:
SF:src\controllers\PruebaSentencia.js
FN:1,Sentencia
FNF:1
FNH:1
FNDA:4,Sentencia
DA:3,4
DA:4,2
DA:5,1
DA:8,1
DA:12,2
DA:13,1
DA:16,1
LF:7
LH:7
BRDA:3,0,0,2
BRDA:3,0,1,2
BRDA:4,1,0,1
BRDA:4,1,1,1
BRDA:12,2,0,1
BRDA:12,2,1,1
BRF:6
BRH:6
end_of_record
TN:
SF:src\controllers\bucle.js
FN:1,bucle
FNF:1
FNH:1
FNDA:4,bucle
DA:4,4
DA:5,2
DA:6,1
DA:10,2
DA:11,1
DA:14,1
DA:19,2
DA:20,15
DA:21,15
DA:23,2
LF:10
LH:10
BRDA:4,0,0,2
BRDA:4,0,1,2
BRDA:5,1,0,1
BRDA:5,1,1,1
BRDA:10,2,0,1
BRDA:10,2,1,1
BRF:6
BRH:6
end_of_record
TN:
SF:src\controllers\suma.js
FN:1,suma
FNF:1
FNH:1
FNDA:1,suma
DA:2,1
LF:1
LH:1
BRF:0
BRH:0
end_of_record
